Base path: /Applications/Unity_201826/Unity_201826.app/Contents
Cmd: initializeCompiler
Cmd: translateComputeKernel
  api=14 insize=48933 outsize=86117 ok=1
Cmd: compileComputeKernel
  api=14 insize=5022 outsize=5141 ok=1
Cmd: compileComputeKernel
  api=14 insize=3532 outsize=3249 ok=1
Cmd: compileComputeKernel
  api=14 insize=18731 outsize=9721 ok=1
Cmd: translateComputeKernel
  api=14 insize=11321 outsize=24577 ok=1
Cmd: compileComputeKernel
  api=14 insize=2953 outsize=793 ok=1
Cmd: compileComputeKernel
  api=14 insize=1505 outsize=2097 ok=1
Cmd: translateComputeKernel
  api=14 insize=1193 outsize=1313 ok=1
Cmd: initializeCompiler
Cmd: initializeCompiler
Cmd: initializeCompiler
Cmd: initializeCompiler
Cmd: initializeCompiler
Cmd: initializeCompiler
Cmd: initializeCompiler
Cmd: initializeCompiler
Cmd: initializeCompiler
Cmd: initializeCompiler
Cmd: initializeCompiler
Cmd: initializeCompiler
Cmd: initializeCompiler
Cmd: initializeCompiler
Cmd: initializeCompiler

Quitting shader compiler process
