Base path: /Applications/Unity_201826/Unity_201826.app/Contents
Cmd: initializeCompiler
Cmd: compileComputeKernel
  api=14 insize=2134 outsize=2149 ok=1
Cmd: translateComputeKernel
  api=14 insize=11453 outsize=22669 ok=1
Cmd: compileComputeKernel
  api=14 insize=18731 outsize=9405 ok=1
Cmd: compileComputeKernel
  api=14 insize=18731 outsize=11489 ok=1
Cmd: translateComputeKernel
  api=14 insize=11321 outsize=24605 ok=1
Cmd: translateComputeKernel
  api=14 insize=2017 outsize=3617 ok=1
Cmd: translateComputeKernel
  api=14 insize=853 outsize=785 ok=1
Cmd: initializeCompiler
Cmd: initializeCompiler
Cmd: initializeCompiler
Cmd: initializeCompiler
Cmd: initializeCompiler
Cmd: initializeCompiler
Cmd: initializeCompiler
Cmd: initializeCompiler
Cmd: initializeCompiler
Cmd: initializeCompiler
Cmd: initializeCompiler
Cmd: initializeCompiler
Cmd: initializeCompiler
Cmd: initializeCompiler
Cmd: initializeCompiler

Quitting shader compiler process
