Base path: /Applications/Unity_201826/Unity_201826.app/Contents
Cmd: initializeCompiler
Cmd: compileComputeKernel
  api=14 insize=1435 outsize=6429 ok=1
Cmd: translateComputeKernel
  api=14 insize=7445 outsize=3193 ok=1
Cmd: compileComputeKernel
  api=14 insize=2285 outsize=7253 ok=1
Cmd: translateComputeKernel
  api=14 insize=7253 outsize=3137 ok=1
Cmd: initializeCompiler
Cmd: initializeCompiler
Cmd: initializeCompiler
Cmd: initializeCompiler
Cmd: initializeCompiler
Cmd: initializeCompiler
Cmd: initializeCompiler
Cmd: initializeCompiler
Cmd: initializeCompiler
Cmd: initializeCompiler
Cmd: initializeCompiler
Cmd: initializeCompiler
Cmd: initializeCompiler
Cmd: initializeCompiler
Cmd: initializeCompiler
Cmd: initializeCompiler
Cmd: initializeCompiler
Cmd: initializeCompiler
Cmd: compileComputeKernel
  api=14 insize=1957 outsize=1137 ok=1
Cmd: translateComputeKernel
  api=14 insize=1137 outsize=1413 ok=1
Cmd: initializeCompiler
Cmd: initializeCompiler

Quitting shader compiler process
